<?xml version="1.0" encoding="UTF-8"?>
<!-- Generated by org.testng.reporters.JUnitXMLReporter -->
<testsuite ignored="18" hostname="LAPTOP-B4VCAB38" failures="0" tests="10" name="Test" time="382.731" errors="0" timestamp="20 May 2022 13:06:30 GMT">
  <testcase classname="com.mindtree.testCases.TC_LoginTest_001" name="loginTest" time="36.279"/>
  <testcase classname="com.mindtree.testCases.TC_StudyTest_002" name="StudyTest" time="20.636"/>
  <testcase classname="com.mindtree.testCases.TC__SofaTest__003" name="SofaTest" time="12.422"/>
  <testcase classname="com.mindtree.testCases.TC_AboutusTest_004" name="StudyTest" time="10.77"/>
  <testcase classname="com.mindtree.testCases.TC_BedTest__005" name="BedTest" time="21.068"/>
  <testcase classname="com.mindtree.testCases.TC_orderTest__009" name="orderTest" time="18.638"/>
  <testcase classname="com.mindtree.testCases.TC__TopDealTest__006" name="TopdealTest" time="19.151"/>
  <testcase classname="com.mindtree.testCases.TC_DinningTest_007" name="StudyTest" time="12.605"/>
  <testcase classname="com.mindtree.testCases.TC_SearchTest__008" name="SearchTest" time="9.743"/>
  <testcase classname="com.mindtree.testCases.TC__WishlistTest_10" name="WishlistTest" time="7.295"/>
  <testcase classname="com.mindtree.testCases.BaseClass" name="@AfterSuite tearDown" time="0.0">
    <ignored/>
  </testcase> <!-- @AfterSuite tearDown -->
  <testcase classname="com.mindtree.testCases.BaseClass" name="@AfterSuite tearDown" time="0.0">
    <ignored/>
  </testcase> <!-- @AfterSuite tearDown -->
  <testcase classname="com.mindtree.testCases.BaseClass" name="@AfterSuite tearDown" time="0.0">
    <ignored/>
  </testcase> <!-- @AfterSuite tearDown -->
  <testcase classname="com.mindtree.testCases.BaseClass" name="@AfterSuite tearDown" time="0.0">
    <ignored/>
  </testcase> <!-- @AfterSuite tearDown -->
  <testcase classname="com.mindtree.testCases.BaseClass" name="@AfterSuite tearDown" time="0.0">
    <ignored/>
  </testcase> <!-- @AfterSuite tearDown -->
  <testcase classname="com.mindtree.testCases.BaseClass" name="@AfterSuite tearDown" time="0.0">
    <ignored/>
  </testcase> <!-- @AfterSuite tearDown -->
  <testcase classname="com.mindtree.testCases.BaseClass" name="@AfterSuite tearDown" time="0.0">
    <ignored/>
  </testcase> <!-- @AfterSuite tearDown -->
  <testcase classname="com.mindtree.testCases.BaseClass" name="@AfterSuite tearDown" time="0.0">
    <ignored/>
  </testcase> <!-- @AfterSuite tearDown -->
  <testcase classname="com.mindtree.testCases.BaseClass" name="@AfterSuite tearDown" time="0.0">
    <ignored/>
  </testcase> <!-- @AfterSuite tearDown -->
  <testcase classname="com.mindtree.testCases.BaseClass" name="@BeforeSuite suitesetup" time="0.0">
    <ignored/>
  </testcase> <!-- @BeforeSuite suitesetup -->
  <testcase classname="com.mindtree.testCases.BaseClass" name="@BeforeSuite suitesetup" time="0.0">
    <ignored/>
  </testcase> <!-- @BeforeSuite suitesetup -->
  <testcase classname="com.mindtree.testCases.BaseClass" name="@BeforeSuite suitesetup" time="0.0">
    <ignored/>
  </testcase> <!-- @BeforeSuite suitesetup -->
  <testcase classname="com.mindtree.testCases.BaseClass" name="@BeforeSuite suitesetup" time="0.0">
    <ignored/>
  </testcase> <!-- @BeforeSuite suitesetup -->
  <testcase classname="com.mindtree.testCases.BaseClass" name="@BeforeSuite suitesetup" time="0.0">
    <ignored/>
  </testcase> <!-- @BeforeSuite suitesetup -->
  <testcase classname="com.mindtree.testCases.BaseClass" name="@BeforeSuite suitesetup" time="0.0">
    <ignored/>
  </testcase> <!-- @BeforeSuite suitesetup -->
  <testcase classname="com.mindtree.testCases.BaseClass" name="@BeforeSuite suitesetup" time="0.0">
    <ignored/>
  </testcase> <!-- @BeforeSuite suitesetup -->
  <testcase classname="com.mindtree.testCases.BaseClass" name="@BeforeSuite suitesetup" time="0.0">
    <ignored/>
  </testcase> <!-- @BeforeSuite suitesetup -->
  <testcase classname="com.mindtree.testCases.BaseClass" name="@BeforeSuite suitesetup" time="0.0">
    <ignored/>
  </testcase> <!-- @BeforeSuite suitesetup -->
</testsuite> <!-- Test -->
